<?xml version="1.0" encoding="UTF-8"?>
<!-- Generated by org.testng.reporters.JUnitReportReporter -->
<testsuite hostname="303236-Karthik-" failures="0" tests="1" name="sonar_test.NewTest" time="6.192" errors="0" timestamp="2022-03-30T05:22:22 UTC" skipped="0">
  <testcase classname="sonar_test.NewTest" name="f" time="6.192"/>
  <system-out/>
</testsuite> <!-- sonar_test.NewTest -->
